[0.008s] Invoking command in '/home/keehong/workspaces/ros-ur-gz-ruis/build/ur_simulation_gz': CMAKE_PREFIX_PATH=/home/keehong/workspaces/ros-ur-gz-ruis/install/ur_description:/home/keehong/workspaces/ros-ur-gz-ruis/install/ur_simulation_gz:/opt/ros/humble /usr/bin/cmake /home/keehong/workspaces/ros-ur-gz-ruis/src/ur_simulation_gz/ur_simulation_gz -DCMAKE_INSTALL_PREFIX=/home/keehong/workspaces/ros-ur-gz-ruis/install/ur_simulation_gz
[0.020s] -- Found ament_cmake: 1.3.12 (/opt/ros/humble/share/ament_cmake/cmake)
[0.142s] -- Override CMake install command with custom implementation using symlinks instead of copying resources
[0.150s] -- Found launch_testing_ament_cmake: 1.0.10 (/opt/ros/humble/share/launch_testing_ament_cmake/cmake)
[0.150s] -- Found python_cmake_module: 0.10.0 (/opt/ros/humble/share/python_cmake_module/cmake)
[0.172s] -- Using PYTHON_EXECUTABLE: /usr/bin/python3
[0.173s] -- Using PYTHON_INCLUDE_DIRS: /usr/include/python3.10
[0.173s] -- Using PYTHON_LIBRARIES: /usr/lib/x86_64-linux-gnu/libpython3.10.so
[0.174s] -- Found ament_cmake_pytest: 1.3.12 (/opt/ros/humble/share/ament_cmake_pytest/cmake)
[0.242s] -- Configuring done
[0.246s] -- Generating done
[0.248s] -- Build files have been written to: /home/keehong/workspaces/ros-ur-gz-ruis/build/ur_simulation_gz
[0.252s] Invoked command in '/home/keehong/workspaces/ros-ur-gz-ruis/build/ur_simulation_gz' returned '0': CMAKE_PREFIX_PATH=/home/keehong/workspaces/ros-ur-gz-ruis/install/ur_description:/home/keehong/workspaces/ros-ur-gz-ruis/install/ur_simulation_gz:/opt/ros/humble /usr/bin/cmake /home/keehong/workspaces/ros-ur-gz-ruis/src/ur_simulation_gz/ur_simulation_gz -DCMAKE_INSTALL_PREFIX=/home/keehong/workspaces/ros-ur-gz-ruis/install/ur_simulation_gz
[0.252s] Invoking command in '/home/keehong/workspaces/ros-ur-gz-ruis/build/ur_simulation_gz': CMAKE_PREFIX_PATH=/home/keehong/workspaces/ros-ur-gz-ruis/install/ur_description:/home/keehong/workspaces/ros-ur-gz-ruis/install/ur_simulation_gz:/opt/ros/humble /usr/bin/cmake --build /home/keehong/workspaces/ros-ur-gz-ruis/build/ur_simulation_gz -- -j8 -l8
[0.289s] Invoked command in '/home/keehong/workspaces/ros-ur-gz-ruis/build/ur_simulation_gz' returned '0': CMAKE_PREFIX_PATH=/home/keehong/workspaces/ros-ur-gz-ruis/install/ur_description:/home/keehong/workspaces/ros-ur-gz-ruis/install/ur_simulation_gz:/opt/ros/humble /usr/bin/cmake --build /home/keehong/workspaces/ros-ur-gz-ruis/build/ur_simulation_gz -- -j8 -l8
[0.291s] Invoking command in '/home/keehong/workspaces/ros-ur-gz-ruis/build/ur_simulation_gz': CMAKE_PREFIX_PATH=/home/keehong/workspaces/ros-ur-gz-ruis/install/ur_description:/home/keehong/workspaces/ros-ur-gz-ruis/install/ur_simulation_gz:/opt/ros/humble /usr/bin/cmake --install /home/keehong/workspaces/ros-ur-gz-ruis/build/ur_simulation_gz
[0.298s] -- Install configuration: ""
[0.298s] -- Execute custom install script
[0.299s] -- Up-to-date symlink: /home/keehong/workspaces/ros-ur-gz-ruis/install/ur_simulation_gz/share/ur_simulation_gz/config/ur_controllers.yaml
[0.299s] -- Up-to-date symlink: /home/keehong/workspaces/ros-ur-gz-ruis/install/ur_simulation_gz/share/ur_simulation_gz/launch/ur_sim_control.launch.py
[0.299s] -- Up-to-date symlink: /home/keehong/workspaces/ros-ur-gz-ruis/install/ur_simulation_gz/share/ur_simulation_gz/launch/ur_sim_moveit.launch.py
[0.299s] -- Up-to-date symlink: /home/keehong/workspaces/ros-ur-gz-ruis/install/ur_simulation_gz/share/ament_index/resource_index/package_run_dependencies/ur_simulation_gz
[0.299s] -- Up-to-date symlink: /home/keehong/workspaces/ros-ur-gz-ruis/install/ur_simulation_gz/share/ament_index/resource_index/parent_prefix_path/ur_simulation_gz
[0.299s] -- Up-to-date symlink: /home/keehong/workspaces/ros-ur-gz-ruis/install/ur_simulation_gz/share/ur_simulation_gz/environment/ament_prefix_path.sh
[0.300s] -- Up-to-date symlink: /home/keehong/workspaces/ros-ur-gz-ruis/install/ur_simulation_gz/share/ur_simulation_gz/environment/ament_prefix_path.dsv
[0.300s] -- Up-to-date symlink: /home/keehong/workspaces/ros-ur-gz-ruis/install/ur_simulation_gz/share/ur_simulation_gz/environment/path.sh
[0.300s] -- Up-to-date symlink: /home/keehong/workspaces/ros-ur-gz-ruis/install/ur_simulation_gz/share/ur_simulation_gz/environment/path.dsv
[0.300s] -- Up-to-date symlink: /home/keehong/workspaces/ros-ur-gz-ruis/install/ur_simulation_gz/share/ur_simulation_gz/local_setup.bash
[0.300s] -- Up-to-date symlink: /home/keehong/workspaces/ros-ur-gz-ruis/install/ur_simulation_gz/share/ur_simulation_gz/local_setup.sh
[0.300s] -- Up-to-date symlink: /home/keehong/workspaces/ros-ur-gz-ruis/install/ur_simulation_gz/share/ur_simulation_gz/local_setup.zsh
[0.301s] -- Up-to-date symlink: /home/keehong/workspaces/ros-ur-gz-ruis/install/ur_simulation_gz/share/ur_simulation_gz/local_setup.dsv
[0.301s] -- Symlinking: /home/keehong/workspaces/ros-ur-gz-ruis/install/ur_simulation_gz/share/ur_simulation_gz/package.dsv
[0.310s] -- Up-to-date symlink: /home/keehong/workspaces/ros-ur-gz-ruis/install/ur_simulation_gz/share/ament_index/resource_index/packages/ur_simulation_gz
[0.311s] -- Up-to-date symlink: /home/keehong/workspaces/ros-ur-gz-ruis/install/ur_simulation_gz/share/ur_simulation_gz/cmake/ur_simulation_gzConfig.cmake
[0.311s] -- Up-to-date symlink: /home/keehong/workspaces/ros-ur-gz-ruis/install/ur_simulation_gz/share/ur_simulation_gz/cmake/ur_simulation_gzConfig-version.cmake
[0.311s] -- Up-to-date symlink: /home/keehong/workspaces/ros-ur-gz-ruis/install/ur_simulation_gz/share/ur_simulation_gz/package.xml
[0.313s] Invoked command in '/home/keehong/workspaces/ros-ur-gz-ruis/build/ur_simulation_gz' returned '0': CMAKE_PREFIX_PATH=/home/keehong/workspaces/ros-ur-gz-ruis/install/ur_description:/home/keehong/workspaces/ros-ur-gz-ruis/install/ur_simulation_gz:/opt/ros/humble /usr/bin/cmake --install /home/keehong/workspaces/ros-ur-gz-ruis/build/ur_simulation_gz
