[0.007s] Invoking command in '/home/keehong/workspaces/ros-ur-gz-ruis/build/ur_simulation_gz': AMENT_PREFIX_PATH=/home/keehong/workspaces/ros-ur-gz-ruis/install/ur_description:${AMENT_PREFIX_PATH} CMAKE_PREFIX_PATH=/home/keehong/workspaces/ros-ur-gz-ruis/install/ur_description:/opt/ros/humble /usr/bin/cmake /home/keehong/workspaces/ros-ur-gz-ruis/src/ur_simulation_gz/ur_simulation_gz -DAMENT_CMAKE_SYMLINK_INSTALL=1 -DCMAKE_INSTALL_PREFIX=/home/keehong/workspaces/ros-ur-gz-ruis/install/ur_simulation_gz
[0.059s] -- The C compiler identification is GNU 11.4.0
[0.116s] -- The CXX compiler identification is GNU 11.4.0
[0.124s] -- Detecting C compiler ABI info
[0.191s] -- Detecting C compiler ABI info - done
[0.198s] -- Check for working C compiler: /usr/bin/cc - skipped
[0.198s] -- Detecting C compile features
[0.199s] -- Detecting C compile features - done
[0.202s] -- Detecting CXX compiler ABI info
[0.281s] -- Detecting CXX compiler ABI info - done
[0.289s] -- Check for working CXX compiler: /usr/bin/c++ - skipped
[0.289s] -- Detecting CXX compile features
[0.289s] -- Detecting CXX compile features - done
[0.292s] -- Found ament_cmake: 1.3.12 (/opt/ros/humble/share/ament_cmake/cmake)
[0.442s] -- Found Python3: /usr/bin/python3 (found version "3.10.12") found components: Interpreter 
[0.505s] -- Override CMake install command with custom implementation using symlinks instead of copying resources
[0.540s] -- Found launch_testing_ament_cmake: 1.0.10 (/opt/ros/humble/share/launch_testing_ament_cmake/cmake)
[0.547s] -- Found python_cmake_module: 0.10.0 (/opt/ros/humble/share/python_cmake_module/cmake)
[0.600s] -- Found PythonInterp: /usr/bin/python3 (found suitable version "3.10.12", minimum required is "3.6") 
[0.612s] -- Found PythonLibs: /usr/lib/x86_64-linux-gnu/libpython3.10.so (found suitable version "3.10.12", minimum required is "3.5") 
[0.612s] -- Using PYTHON_EXECUTABLE: /usr/bin/python3
[0.613s] -- Using PYTHON_INCLUDE_DIRS: /usr/include/python3.10
[0.613s] -- Using PYTHON_LIBRARIES: /usr/lib/x86_64-linux-gnu/libpython3.10.so
[0.634s] -- Found PythonExtra: .so  
[0.636s] -- Found ament_cmake_pytest: 1.3.12 (/opt/ros/humble/share/ament_cmake_pytest/cmake)
[0.703s] -- Configuring done
[0.706s] -- Generating done
[0.707s] -- Build files have been written to: /home/keehong/workspaces/ros-ur-gz-ruis/build/ur_simulation_gz
[0.714s] Invoked command in '/home/keehong/workspaces/ros-ur-gz-ruis/build/ur_simulation_gz' returned '0': AMENT_PREFIX_PATH=/home/keehong/workspaces/ros-ur-gz-ruis/install/ur_description:${AMENT_PREFIX_PATH} CMAKE_PREFIX_PATH=/home/keehong/workspaces/ros-ur-gz-ruis/install/ur_description:/opt/ros/humble /usr/bin/cmake /home/keehong/workspaces/ros-ur-gz-ruis/src/ur_simulation_gz/ur_simulation_gz -DAMENT_CMAKE_SYMLINK_INSTALL=1 -DCMAKE_INSTALL_PREFIX=/home/keehong/workspaces/ros-ur-gz-ruis/install/ur_simulation_gz
[0.715s] Invoking command in '/home/keehong/workspaces/ros-ur-gz-ruis/build/ur_simulation_gz': AMENT_PREFIX_PATH=/home/keehong/workspaces/ros-ur-gz-ruis/install/ur_description:${AMENT_PREFIX_PATH} CMAKE_PREFIX_PATH=/home/keehong/workspaces/ros-ur-gz-ruis/install/ur_description:/opt/ros/humble /usr/bin/cmake --build /home/keehong/workspaces/ros-ur-gz-ruis/build/ur_simulation_gz -- -j8 -l8
[0.752s] Invoked command in '/home/keehong/workspaces/ros-ur-gz-ruis/build/ur_simulation_gz' returned '0': AMENT_PREFIX_PATH=/home/keehong/workspaces/ros-ur-gz-ruis/install/ur_description:${AMENT_PREFIX_PATH} CMAKE_PREFIX_PATH=/home/keehong/workspaces/ros-ur-gz-ruis/install/ur_description:/opt/ros/humble /usr/bin/cmake --build /home/keehong/workspaces/ros-ur-gz-ruis/build/ur_simulation_gz -- -j8 -l8
[0.753s] Invoking command in '/home/keehong/workspaces/ros-ur-gz-ruis/build/ur_simulation_gz': AMENT_PREFIX_PATH=/home/keehong/workspaces/ros-ur-gz-ruis/install/ur_description:${AMENT_PREFIX_PATH} CMAKE_PREFIX_PATH=/home/keehong/workspaces/ros-ur-gz-ruis/install/ur_description:/opt/ros/humble /usr/bin/cmake --install /home/keehong/workspaces/ros-ur-gz-ruis/build/ur_simulation_gz
[0.761s] -- Install configuration: ""
[0.761s] -- Execute custom install script
[0.761s] -- Symlinking: /home/keehong/workspaces/ros-ur-gz-ruis/install/ur_simulation_gz/share/ur_simulation_gz/config/ur_controllers.yaml
[0.770s] -- Symlinking: /home/keehong/workspaces/ros-ur-gz-ruis/install/ur_simulation_gz/share/ur_simulation_gz/launch/ur_sim_control.launch.py
[0.779s] -- Symlinking: /home/keehong/workspaces/ros-ur-gz-ruis/install/ur_simulation_gz/share/ur_simulation_gz/launch/ur_sim_moveit.launch.py
[0.788s] -- Symlinking: /home/keehong/workspaces/ros-ur-gz-ruis/install/ur_simulation_gz/share/ament_index/resource_index/package_run_dependencies/ur_simulation_gz
[0.796s] -- Symlinking: /home/keehong/workspaces/ros-ur-gz-ruis/install/ur_simulation_gz/share/ament_index/resource_index/parent_prefix_path/ur_simulation_gz
[0.805s] -- Symlinking: /home/keehong/workspaces/ros-ur-gz-ruis/install/ur_simulation_gz/share/ur_simulation_gz/environment/ament_prefix_path.sh
[0.814s] -- Symlinking: /home/keehong/workspaces/ros-ur-gz-ruis/install/ur_simulation_gz/share/ur_simulation_gz/environment/ament_prefix_path.dsv
[0.823s] -- Symlinking: /home/keehong/workspaces/ros-ur-gz-ruis/install/ur_simulation_gz/share/ur_simulation_gz/environment/path.sh
[0.831s] -- Symlinking: /home/keehong/workspaces/ros-ur-gz-ruis/install/ur_simulation_gz/share/ur_simulation_gz/environment/path.dsv
[0.840s] -- Symlinking: /home/keehong/workspaces/ros-ur-gz-ruis/install/ur_simulation_gz/share/ur_simulation_gz/local_setup.bash
[0.848s] -- Symlinking: /home/keehong/workspaces/ros-ur-gz-ruis/install/ur_simulation_gz/share/ur_simulation_gz/local_setup.sh
[0.857s] -- Symlinking: /home/keehong/workspaces/ros-ur-gz-ruis/install/ur_simulation_gz/share/ur_simulation_gz/local_setup.zsh
[0.865s] -- Symlinking: /home/keehong/workspaces/ros-ur-gz-ruis/install/ur_simulation_gz/share/ur_simulation_gz/local_setup.dsv
[0.874s] -- Symlinking: /home/keehong/workspaces/ros-ur-gz-ruis/install/ur_simulation_gz/share/ur_simulation_gz/package.dsv
[0.882s] -- Symlinking: /home/keehong/workspaces/ros-ur-gz-ruis/install/ur_simulation_gz/share/ament_index/resource_index/packages/ur_simulation_gz
[0.891s] -- Symlinking: /home/keehong/workspaces/ros-ur-gz-ruis/install/ur_simulation_gz/share/ur_simulation_gz/cmake/ur_simulation_gzConfig.cmake
[0.900s] -- Symlinking: /home/keehong/workspaces/ros-ur-gz-ruis/install/ur_simulation_gz/share/ur_simulation_gz/cmake/ur_simulation_gzConfig-version.cmake
[0.908s] -- Symlinking: /home/keehong/workspaces/ros-ur-gz-ruis/install/ur_simulation_gz/share/ur_simulation_gz/package.xml
[0.919s] Invoked command in '/home/keehong/workspaces/ros-ur-gz-ruis/build/ur_simulation_gz' returned '0': AMENT_PREFIX_PATH=/home/keehong/workspaces/ros-ur-gz-ruis/install/ur_description:${AMENT_PREFIX_PATH} CMAKE_PREFIX_PATH=/home/keehong/workspaces/ros-ur-gz-ruis/install/ur_description:/opt/ros/humble /usr/bin/cmake --install /home/keehong/workspaces/ros-ur-gz-ruis/build/ur_simulation_gz
