[0.008s] Invoking command in '/home/keehong/workspaces/ros-ur-gz-ruis/build/ur_simulation_gz': CMAKE_PREFIX_PATH=/home/keehong/workspaces/ros-ur-gz-ruis/install/ur_description:/home/keehong/workspaces/ros-ur-gz-ruis/install/ur_simulation_gz:/opt/ros/humble /usr/bin/cmake --build /home/keehong/workspaces/ros-ur-gz-ruis/build/ur_simulation_gz -- -j8 -l8
[0.046s] Invoked command in '/home/keehong/workspaces/ros-ur-gz-ruis/build/ur_simulation_gz' returned '0': CMAKE_PREFIX_PATH=/home/keehong/workspaces/ros-ur-gz-ruis/install/ur_description:/home/keehong/workspaces/ros-ur-gz-ruis/install/ur_simulation_gz:/opt/ros/humble /usr/bin/cmake --build /home/keehong/workspaces/ros-ur-gz-ruis/build/ur_simulation_gz -- -j8 -l8
[0.048s] Invoking command in '/home/keehong/workspaces/ros-ur-gz-ruis/build/ur_simulation_gz': CMAKE_PREFIX_PATH=/home/keehong/workspaces/ros-ur-gz-ruis/install/ur_description:/home/keehong/workspaces/ros-ur-gz-ruis/install/ur_simulation_gz:/opt/ros/humble /usr/bin/cmake --install /home/keehong/workspaces/ros-ur-gz-ruis/build/ur_simulation_gz
[0.054s] -- Install configuration: ""
[0.055s] -- Execute custom install script
[0.055s] -- Up-to-date symlink: /home/keehong/workspaces/ros-ur-gz-ruis/install/ur_simulation_gz/share/ur_simulation_gz/config/ur_controllers.yaml
[0.055s] -- Up-to-date symlink: /home/keehong/workspaces/ros-ur-gz-ruis/install/ur_simulation_gz/share/ur_simulation_gz/launch/ur_sim_control.launch.py
[0.056s] -- Up-to-date symlink: /home/keehong/workspaces/ros-ur-gz-ruis/install/ur_simulation_gz/share/ur_simulation_gz/launch/ur_sim_moveit.launch.py
[0.056s] -- Up-to-date symlink: /home/keehong/workspaces/ros-ur-gz-ruis/install/ur_simulation_gz/share/ament_index/resource_index/package_run_dependencies/ur_simulation_gz
[0.056s] -- Up-to-date symlink: /home/keehong/workspaces/ros-ur-gz-ruis/install/ur_simulation_gz/share/ament_index/resource_index/parent_prefix_path/ur_simulation_gz
[0.056s] -- Up-to-date symlink: /home/keehong/workspaces/ros-ur-gz-ruis/install/ur_simulation_gz/share/ur_simulation_gz/environment/ament_prefix_path.sh
[0.056s] -- Up-to-date symlink: /home/keehong/workspaces/ros-ur-gz-ruis/install/ur_simulation_gz/share/ur_simulation_gz/environment/ament_prefix_path.dsv
[0.057s] -- Up-to-date symlink: /home/keehong/workspaces/ros-ur-gz-ruis/install/ur_simulation_gz/share/ur_simulation_gz/environment/path.sh
[0.057s] -- Up-to-date symlink: /home/keehong/workspaces/ros-ur-gz-ruis/install/ur_simulation_gz/share/ur_simulation_gz/environment/path.dsv
[0.057s] -- Up-to-date symlink: /home/keehong/workspaces/ros-ur-gz-ruis/install/ur_simulation_gz/share/ur_simulation_gz/local_setup.bash
[0.057s] -- Up-to-date symlink: /home/keehong/workspaces/ros-ur-gz-ruis/install/ur_simulation_gz/share/ur_simulation_gz/local_setup.sh
[0.057s] -- Up-to-date symlink: /home/keehong/workspaces/ros-ur-gz-ruis/install/ur_simulation_gz/share/ur_simulation_gz/local_setup.zsh
[0.057s] -- Up-to-date symlink: /home/keehong/workspaces/ros-ur-gz-ruis/install/ur_simulation_gz/share/ur_simulation_gz/local_setup.dsv
[0.057s] -- Symlinking: /home/keehong/workspaces/ros-ur-gz-ruis/install/ur_simulation_gz/share/ur_simulation_gz/package.dsv
[0.066s] -- Up-to-date symlink: /home/keehong/workspaces/ros-ur-gz-ruis/install/ur_simulation_gz/share/ament_index/resource_index/packages/ur_simulation_gz
[0.067s] -- Up-to-date symlink: /home/keehong/workspaces/ros-ur-gz-ruis/install/ur_simulation_gz/share/ur_simulation_gz/cmake/ur_simulation_gzConfig.cmake
[0.067s] -- Up-to-date symlink: /home/keehong/workspaces/ros-ur-gz-ruis/install/ur_simulation_gz/share/ur_simulation_gz/cmake/ur_simulation_gzConfig-version.cmake
[0.067s] -- Up-to-date symlink: /home/keehong/workspaces/ros-ur-gz-ruis/install/ur_simulation_gz/share/ur_simulation_gz/package.xml
[0.069s] Invoked command in '/home/keehong/workspaces/ros-ur-gz-ruis/build/ur_simulation_gz' returned '0': CMAKE_PREFIX_PATH=/home/keehong/workspaces/ros-ur-gz-ruis/install/ur_description:/home/keehong/workspaces/ros-ur-gz-ruis/install/ur_simulation_gz:/opt/ros/humble /usr/bin/cmake --install /home/keehong/workspaces/ros-ur-gz-ruis/build/ur_simulation_gz
