[0.009s] Invoking command in '/home/keehong/workspaces/ros-ur-gz-ruis/build/ur_description': CMAKE_PREFIX_PATH=/opt/ros/humble /usr/bin/cmake /home/keehong/workspaces/ros-ur-gz-ruis/src/ur_description -DAMENT_CMAKE_SYMLINK_INSTALL=1 -DCMAKE_INSTALL_PREFIX=/home/keehong/workspaces/ros-ur-gz-ruis/install/ur_description
[0.176s] -- The C compiler identification is GNU 11.4.0
[0.235s] -- The CXX compiler identification is GNU 11.4.0
[0.242s] -- Detecting C compiler ABI info
[0.312s] -- Detecting C compiler ABI info - done
[0.320s] -- Check for working C compiler: /usr/bin/cc - skipped
[0.320s] -- Detecting C compile features
[0.321s] -- Detecting C compile features - done
[0.324s] -- Detecting CXX compiler ABI info
[0.403s] -- Detecting CXX compiler ABI info - done
[0.411s] -- Check for working CXX compiler: /usr/bin/c++ - skipped
[0.411s] -- Detecting CXX compile features
[0.412s] -- Detecting CXX compile features - done
[0.416s] -- Found ament_cmake: 1.3.12 (/opt/ros/humble/share/ament_cmake/cmake)
[0.574s] -- Found Python3: /usr/bin/python3 (found version "3.10.12") found components: Interpreter 
[0.641s] -- Override CMake install command with custom implementation using symlinks instead of copying resources
[0.675s] -- Found ament_cmake_pytest: 1.3.12 (/opt/ros/humble/share/ament_cmake_pytest/cmake)
[1.479s] -- Configuring done
[1.481s] -- Generating done
[1.483s] -- Build files have been written to: /home/keehong/workspaces/ros-ur-gz-ruis/build/ur_description
[1.487s] Invoked command in '/home/keehong/workspaces/ros-ur-gz-ruis/build/ur_description' returned '0': CMAKE_PREFIX_PATH=/opt/ros/humble /usr/bin/cmake /home/keehong/workspaces/ros-ur-gz-ruis/src/ur_description -DAMENT_CMAKE_SYMLINK_INSTALL=1 -DCMAKE_INSTALL_PREFIX=/home/keehong/workspaces/ros-ur-gz-ruis/install/ur_description
[1.489s] Invoking command in '/home/keehong/workspaces/ros-ur-gz-ruis/build/ur_description': CMAKE_PREFIX_PATH=/opt/ros/humble /usr/bin/cmake --build /home/keehong/workspaces/ros-ur-gz-ruis/build/ur_description -- -j8 -l8
[1.526s] Invoked command in '/home/keehong/workspaces/ros-ur-gz-ruis/build/ur_description' returned '0': CMAKE_PREFIX_PATH=/opt/ros/humble /usr/bin/cmake --build /home/keehong/workspaces/ros-ur-gz-ruis/build/ur_description -- -j8 -l8
[1.536s] Invoking command in '/home/keehong/workspaces/ros-ur-gz-ruis/build/ur_description': CMAKE_PREFIX_PATH=/opt/ros/humble /usr/bin/cmake --install /home/keehong/workspaces/ros-ur-gz-ruis/build/ur_description
[1.543s] -- Install configuration: ""
[1.543s] -- Execute custom install script
[1.545s] -- Symlinking: /home/keehong/workspaces/ros-ur-gz-ruis/install/ur_description/share/ur_description/config/initial_positions.yaml
[1.553s] -- Symlinking: /home/keehong/workspaces/ros-ur-gz-ruis/install/ur_description/share/ur_description/config/ur10/default_kinematics.yaml
[1.562s] -- Symlinking: /home/keehong/workspaces/ros-ur-gz-ruis/install/ur_description/share/ur_description/config/ur10/joint_limits.yaml
[1.571s] -- Symlinking: /home/keehong/workspaces/ros-ur-gz-ruis/install/ur_description/share/ur_description/config/ur10/physical_parameters.yaml
[1.579s] -- Symlinking: /home/keehong/workspaces/ros-ur-gz-ruis/install/ur_description/share/ur_description/config/ur10/visual_parameters.yaml
[1.588s] -- Symlinking: /home/keehong/workspaces/ros-ur-gz-ruis/install/ur_description/share/ur_description/config/ur10e/default_kinematics.yaml
[1.596s] -- Symlinking: /home/keehong/workspaces/ros-ur-gz-ruis/install/ur_description/share/ur_description/config/ur10e/joint_limits.yaml
[1.605s] -- Symlinking: /home/keehong/workspaces/ros-ur-gz-ruis/install/ur_description/share/ur_description/config/ur10e/physical_parameters.yaml
[1.613s] -- Symlinking: /home/keehong/workspaces/ros-ur-gz-ruis/install/ur_description/share/ur_description/config/ur10e/visual_parameters.yaml
[1.622s] -- Symlinking: /home/keehong/workspaces/ros-ur-gz-ruis/install/ur_description/share/ur_description/config/ur12e/default_kinematics.yaml
[1.631s] -- Symlinking: /home/keehong/workspaces/ros-ur-gz-ruis/install/ur_description/share/ur_description/config/ur12e/joint_limits.yaml
[1.640s] -- Symlinking: /home/keehong/workspaces/ros-ur-gz-ruis/install/ur_description/share/ur_description/config/ur12e/physical_parameters.yaml
[1.649s] -- Symlinking: /home/keehong/workspaces/ros-ur-gz-ruis/install/ur_description/share/ur_description/config/ur12e/visual_parameters.yaml
[1.658s] -- Symlinking: /home/keehong/workspaces/ros-ur-gz-ruis/install/ur_description/share/ur_description/config/ur15/default_kinematics.yaml
[1.666s] -- Symlinking: /home/keehong/workspaces/ros-ur-gz-ruis/install/ur_description/share/ur_description/config/ur15/joint_limits.yaml
[1.675s] -- Symlinking: /home/keehong/workspaces/ros-ur-gz-ruis/install/ur_description/share/ur_description/config/ur15/physical_parameters.yaml
[1.684s] -- Symlinking: /home/keehong/workspaces/ros-ur-gz-ruis/install/ur_description/share/ur_description/config/ur15/visual_parameters.yaml
[1.693s] -- Symlinking: /home/keehong/workspaces/ros-ur-gz-ruis/install/ur_description/share/ur_description/config/ur16e/default_kinematics.yaml
[1.702s] -- Symlinking: /home/keehong/workspaces/ros-ur-gz-ruis/install/ur_description/share/ur_description/config/ur16e/joint_limits.yaml
[1.711s] -- Symlinking: /home/keehong/workspaces/ros-ur-gz-ruis/install/ur_description/share/ur_description/config/ur16e/physical_parameters.yaml
[1.719s] -- Symlinking: /home/keehong/workspaces/ros-ur-gz-ruis/install/ur_description/share/ur_description/config/ur16e/visual_parameters.yaml
[1.728s] -- Symlinking: /home/keehong/workspaces/ros-ur-gz-ruis/install/ur_description/share/ur_description/config/ur20/default_kinematics.yaml
[1.737s] -- Symlinking: /home/keehong/workspaces/ros-ur-gz-ruis/install/ur_description/share/ur_description/config/ur20/joint_limits.yaml
[1.746s] -- Symlinking: /home/keehong/workspaces/ros-ur-gz-ruis/install/ur_description/share/ur_description/config/ur20/physical_parameters.yaml
[1.755s] -- Symlinking: /home/keehong/workspaces/ros-ur-gz-ruis/install/ur_description/share/ur_description/config/ur20/visual_parameters.yaml
[1.763s] -- Symlinking: /home/keehong/workspaces/ros-ur-gz-ruis/install/ur_description/share/ur_description/config/ur3/default_kinematics.yaml
[1.772s] -- Symlinking: /home/keehong/workspaces/ros-ur-gz-ruis/install/ur_description/share/ur_description/config/ur3/joint_limits.yaml
[1.781s] -- Symlinking: /home/keehong/workspaces/ros-ur-gz-ruis/install/ur_description/share/ur_description/config/ur3/physical_parameters.yaml
[1.789s] -- Symlinking: /home/keehong/workspaces/ros-ur-gz-ruis/install/ur_description/share/ur_description/config/ur3/visual_parameters.yaml
[1.798s] -- Symlinking: /home/keehong/workspaces/ros-ur-gz-ruis/install/ur_description/share/ur_description/config/ur30/default_kinematics.yaml
[1.806s] -- Symlinking: /home/keehong/workspaces/ros-ur-gz-ruis/install/ur_description/share/ur_description/config/ur30/joint_limits.yaml
[1.815s] -- Symlinking: /home/keehong/workspaces/ros-ur-gz-ruis/install/ur_description/share/ur_description/config/ur30/physical_parameters.yaml
[1.823s] -- Symlinking: /home/keehong/workspaces/ros-ur-gz-ruis/install/ur_description/share/ur_description/config/ur30/visual_parameters.yaml
[1.832s] -- Symlinking: /home/keehong/workspaces/ros-ur-gz-ruis/install/ur_description/share/ur_description/config/ur3e/default_kinematics.yaml
[1.841s] -- Symlinking: /home/keehong/workspaces/ros-ur-gz-ruis/install/ur_description/share/ur_description/config/ur3e/joint_limits.yaml
[1.850s] -- Symlinking: /home/keehong/workspaces/ros-ur-gz-ruis/install/ur_description/share/ur_description/config/ur3e/physical_parameters.yaml
[1.858s] -- Symlinking: /home/keehong/workspaces/ros-ur-gz-ruis/install/ur_description/share/ur_description/config/ur3e/visual_parameters.yaml
[1.867s] -- Symlinking: /home/keehong/workspaces/ros-ur-gz-ruis/install/ur_description/share/ur_description/config/ur5/default_kinematics.yaml
[1.876s] -- Symlinking: /home/keehong/workspaces/ros-ur-gz-ruis/install/ur_description/share/ur_description/config/ur5/joint_limits.yaml
[1.884s] -- Symlinking: /home/keehong/workspaces/ros-ur-gz-ruis/install/ur_description/share/ur_description/config/ur5/physical_parameters.yaml
[1.893s] -- Symlinking: /home/keehong/workspaces/ros-ur-gz-ruis/install/ur_description/share/ur_description/config/ur5/visual_parameters.yaml
[1.901s] -- Symlinking: /home/keehong/workspaces/ros-ur-gz-ruis/install/ur_description/share/ur_description/config/ur5e/default_kinematics.yaml
[1.910s] -- Symlinking: /home/keehong/workspaces/ros-ur-gz-ruis/install/ur_description/share/ur_description/config/ur5e/joint_limits.yaml
[1.919s] -- Symlinking: /home/keehong/workspaces/ros-ur-gz-ruis/install/ur_description/share/ur_description/config/ur5e/physical_parameters.yaml
[1.928s] -- Symlinking: /home/keehong/workspaces/ros-ur-gz-ruis/install/ur_description/share/ur_description/config/ur5e/visual_parameters.yaml
[1.937s] -- Symlinking: /home/keehong/workspaces/ros-ur-gz-ruis/install/ur_description/share/ur_description/config/ur7e/default_kinematics.yaml
[1.945s] -- Symlinking: /home/keehong/workspaces/ros-ur-gz-ruis/install/ur_description/share/ur_description/config/ur7e/joint_limits.yaml
[1.954s] -- Symlinking: /home/keehong/workspaces/ros-ur-gz-ruis/install/ur_description/share/ur_description/config/ur7e/physical_parameters.yaml
[1.963s] -- Symlinking: /home/keehong/workspaces/ros-ur-gz-ruis/install/ur_description/share/ur_description/config/ur7e/visual_parameters.yaml
[1.972s] -- Symlinking: /home/keehong/workspaces/ros-ur-gz-ruis/install/ur_description/share/ur_description/launch/view_ur.launch.py
[1.982s] -- Symlinking: /home/keehong/workspaces/ros-ur-gz-ruis/install/ur_description/share/ur_description/meshes/ur10/collision/base.stl
[1.990s] -- Symlinking: /home/keehong/workspaces/ros-ur-gz-ruis/install/ur_description/share/ur_description/meshes/ur10/collision/forearm.stl
[1.999s] -- Symlinking: /home/keehong/workspaces/ros-ur-gz-ruis/install/ur_description/share/ur_description/meshes/ur10/collision/shoulder.stl
[2.008s] -- Symlinking: /home/keehong/workspaces/ros-ur-gz-ruis/install/ur_description/share/ur_description/meshes/ur10/collision/upperarm.stl
[2.017s] -- Symlinking: /home/keehong/workspaces/ros-ur-gz-ruis/install/ur_description/share/ur_description/meshes/ur10/collision/wrist1.stl
[2.025s] -- Symlinking: /home/keehong/workspaces/ros-ur-gz-ruis/install/ur_description/share/ur_description/meshes/ur10/collision/wrist2.stl
[2.034s] -- Symlinking: /home/keehong/workspaces/ros-ur-gz-ruis/install/ur_description/share/ur_description/meshes/ur10/collision/wrist3.stl
[2.043s] -- Symlinking: /home/keehong/workspaces/ros-ur-gz-ruis/install/ur_description/share/ur_description/meshes/ur10/visual/base.dae
[2.052s] -- Symlinking: /home/keehong/workspaces/ros-ur-gz-ruis/install/ur_description/share/ur_description/meshes/ur10/visual/forearm.dae
[2.061s] -- Symlinking: /home/keehong/workspaces/ros-ur-gz-ruis/install/ur_description/share/ur_description/meshes/ur10/visual/shoulder.dae
[2.070s] -- Symlinking: /home/keehong/workspaces/ros-ur-gz-ruis/install/ur_description/share/ur_description/meshes/ur10/visual/upperarm.dae
[2.078s] -- Symlinking: /home/keehong/workspaces/ros-ur-gz-ruis/install/ur_description/share/ur_description/meshes/ur10/visual/wrist1.dae
[2.087s] -- Symlinking: /home/keehong/workspaces/ros-ur-gz-ruis/install/ur_description/share/ur_description/meshes/ur10/visual/wrist2.dae
[2.096s] -- Symlinking: /home/keehong/workspaces/ros-ur-gz-ruis/install/ur_description/share/ur_description/meshes/ur10/visual/wrist3.dae
[2.104s] -- Symlinking: /home/keehong/workspaces/ros-ur-gz-ruis/install/ur_description/share/ur_description/meshes/ur10e/collision/base.stl
[2.113s] -- Symlinking: /home/keehong/workspaces/ros-ur-gz-ruis/install/ur_description/share/ur_description/meshes/ur10e/collision/forearm.stl
[2.121s] -- Symlinking: /home/keehong/workspaces/ros-ur-gz-ruis/install/ur_description/share/ur_description/meshes/ur10e/collision/shoulder.stl
[2.130s] -- Symlinking: /home/keehong/workspaces/ros-ur-gz-ruis/install/ur_description/share/ur_description/meshes/ur10e/collision/upperarm.stl
[2.139s] -- Symlinking: /home/keehong/workspaces/ros-ur-gz-ruis/install/ur_description/share/ur_description/meshes/ur10e/collision/wrist1.stl
[2.148s] -- Symlinking: /home/keehong/workspaces/ros-ur-gz-ruis/install/ur_description/share/ur_description/meshes/ur10e/collision/wrist2.stl
[2.157s] -- Symlinking: /home/keehong/workspaces/ros-ur-gz-ruis/install/ur_description/share/ur_description/meshes/ur10e/collision/wrist3.stl
[2.166s] -- Symlinking: /home/keehong/workspaces/ros-ur-gz-ruis/install/ur_description/share/ur_description/meshes/ur10e/visual/base.dae
[2.175s] -- Symlinking: /home/keehong/workspaces/ros-ur-gz-ruis/install/ur_description/share/ur_description/meshes/ur10e/visual/forearm.dae
[2.183s] -- Symlinking: /home/keehong/workspaces/ros-ur-gz-ruis/install/ur_description/share/ur_description/meshes/ur10e/visual/shoulder.dae
[2.192s] -- Symlinking: /home/keehong/workspaces/ros-ur-gz-ruis/install/ur_description/share/ur_description/meshes/ur10e/visual/upperarm.dae
[2.200s] -- Symlinking: /home/keehong/workspaces/ros-ur-gz-ruis/install/ur_description/share/ur_description/meshes/ur10e/visual/wrist1.dae
[2.209s] -- Symlinking: /home/keehong/workspaces/ros-ur-gz-ruis/install/ur_description/share/ur_description/meshes/ur10e/visual/wrist2.dae
[2.218s] -- Symlinking: /home/keehong/workspaces/ros-ur-gz-ruis/install/ur_description/share/ur_description/meshes/ur10e/visual/wrist3.dae
[2.226s] -- Symlinking: /home/keehong/workspaces/ros-ur-gz-ruis/install/ur_description/share/ur_description/meshes/ur15/LICENSE.txt
[2.235s] -- Symlinking: /home/keehong/workspaces/ros-ur-gz-ruis/install/ur_description/share/ur_description/meshes/ur15/collision/base.stl
[2.244s] -- Symlinking: /home/keehong/workspaces/ros-ur-gz-ruis/install/ur_description/share/ur_description/meshes/ur15/collision/forearm.stl
[2.253s] -- Symlinking: /home/keehong/workspaces/ros-ur-gz-ruis/install/ur_description/share/ur_description/meshes/ur15/collision/shoulder.stl
[2.262s] -- Symlinking: /home/keehong/workspaces/ros-ur-gz-ruis/install/ur_description/share/ur_description/meshes/ur15/collision/upperarm.stl
[2.271s] -- Symlinking: /home/keehong/workspaces/ros-ur-gz-ruis/install/ur_description/share/ur_description/meshes/ur15/collision/wrist1.stl
[2.280s] -- Symlinking: /home/keehong/workspaces/ros-ur-gz-ruis/install/ur_description/share/ur_description/meshes/ur15/collision/wrist2.stl
[2.288s] -- Symlinking: /home/keehong/workspaces/ros-ur-gz-ruis/install/ur_description/share/ur_description/meshes/ur15/collision/wrist3.stl
[2.297s] -- Symlinking: /home/keehong/workspaces/ros-ur-gz-ruis/install/ur_description/share/ur_description/meshes/ur15/visual/UR15_DIFF_8bit_2K.jpg
[2.305s] -- Symlinking: /home/keehong/workspaces/ros-ur-gz-ruis/install/ur_description/share/ur_description/meshes/ur15/visual/base.dae
[2.314s] -- Symlinking: /home/keehong/workspaces/ros-ur-gz-ruis/install/ur_description/share/ur_description/meshes/ur15/visual/forearm.dae
[2.323s] -- Symlinking: /home/keehong/workspaces/ros-ur-gz-ruis/install/ur_description/share/ur_description/meshes/ur15/visual/shoulder.dae
[2.331s] -- Symlinking: /home/keehong/workspaces/ros-ur-gz-ruis/install/ur_description/share/ur_description/meshes/ur15/visual/upperarm.dae
[2.340s] -- Symlinking: /home/keehong/workspaces/ros-ur-gz-ruis/install/ur_description/share/ur_description/meshes/ur15/visual/wrist1.dae
[2.349s] -- Symlinking: /home/keehong/workspaces/ros-ur-gz-ruis/install/ur_description/share/ur_description/meshes/ur15/visual/wrist2.dae
[2.358s] -- Symlinking: /home/keehong/workspaces/ros-ur-gz-ruis/install/ur_description/share/ur_description/meshes/ur15/visual/wrist3.dae
[2.367s] -- Symlinking: /home/keehong/workspaces/ros-ur-gz-ruis/install/ur_description/share/ur_description/meshes/ur16e/collision/forearm.stl
[2.375s] -- Symlinking: /home/keehong/workspaces/ros-ur-gz-ruis/install/ur_description/share/ur_description/meshes/ur16e/collision/upperarm.stl
[2.384s] -- Symlinking: /home/keehong/workspaces/ros-ur-gz-ruis/install/ur_description/share/ur_description/meshes/ur16e/visual/forearm.dae
[2.393s] -- Symlinking: /home/keehong/workspaces/ros-ur-gz-ruis/install/ur_description/share/ur_description/meshes/ur16e/visual/upperarm.dae
[2.401s] -- Symlinking: /home/keehong/workspaces/ros-ur-gz-ruis/install/ur_description/share/ur_description/meshes/ur20/LICENSE.txt
[2.410s] -- Symlinking: /home/keehong/workspaces/ros-ur-gz-ruis/install/ur_description/share/ur_description/meshes/ur20/collision/base.stl
[2.418s] -- Symlinking: /home/keehong/workspaces/ros-ur-gz-ruis/install/ur_description/share/ur_description/meshes/ur20/collision/forearm.stl
[2.427s] -- Symlinking: /home/keehong/workspaces/ros-ur-gz-ruis/install/ur_description/share/ur_description/meshes/ur20/collision/shoulder.stl
[2.436s] -- Symlinking: /home/keehong/workspaces/ros-ur-gz-ruis/install/ur_description/share/ur_description/meshes/ur20/collision/upperarm.stl
[2.445s] -- Symlinking: /home/keehong/workspaces/ros-ur-gz-ruis/install/ur_description/share/ur_description/meshes/ur20/collision/wrist1.stl
[2.454s] -- Symlinking: /home/keehong/workspaces/ros-ur-gz-ruis/install/ur_description/share/ur_description/meshes/ur20/collision/wrist2.stl
[2.462s] -- Symlinking: /home/keehong/workspaces/ros-ur-gz-ruis/install/ur_description/share/ur_description/meshes/ur20/collision/wrist3.stl
[2.471s] -- Symlinking: /home/keehong/workspaces/ros-ur-gz-ruis/install/ur_description/share/ur_description/meshes/ur20/visual/UR20_DIFF_8bit_2K.png
[2.480s] -- Symlinking: /home/keehong/workspaces/ros-ur-gz-ruis/install/ur_description/share/ur_description/meshes/ur20/visual/base.dae
[2.488s] -- Symlinking: /home/keehong/workspaces/ros-ur-gz-ruis/install/ur_description/share/ur_description/meshes/ur20/visual/forearm.dae
[2.497s] -- Symlinking: /home/keehong/workspaces/ros-ur-gz-ruis/install/ur_description/share/ur_description/meshes/ur20/visual/shoulder.dae
[2.506s] -- Symlinking: /home/keehong/workspaces/ros-ur-gz-ruis/install/ur_description/share/ur_description/meshes/ur20/visual/upperarm.dae
[2.514s] -- Symlinking: /home/keehong/workspaces/ros-ur-gz-ruis/install/ur_description/share/ur_description/meshes/ur20/visual/wrist1.dae
[2.523s] -- Symlinking: /home/keehong/workspaces/ros-ur-gz-ruis/install/ur_description/share/ur_description/meshes/ur20/visual/wrist2.dae
[2.532s] -- Symlinking: /home/keehong/workspaces/ros-ur-gz-ruis/install/ur_description/share/ur_description/meshes/ur20/visual/wrist3.dae
[2.540s] -- Symlinking: /home/keehong/workspaces/ros-ur-gz-ruis/install/ur_description/share/ur_description/meshes/ur3/collision/base.stl
[2.549s] -- Symlinking: /home/keehong/workspaces/ros-ur-gz-ruis/install/ur_description/share/ur_description/meshes/ur3/collision/forearm.stl
[2.558s] -- Symlinking: /home/keehong/workspaces/ros-ur-gz-ruis/install/ur_description/share/ur_description/meshes/ur3/collision/shoulder.stl
[2.566s] -- Symlinking: /home/keehong/workspaces/ros-ur-gz-ruis/install/ur_description/share/ur_description/meshes/ur3/collision/upperarm.stl
[2.575s] -- Symlinking: /home/keehong/workspaces/ros-ur-gz-ruis/install/ur_description/share/ur_description/meshes/ur3/collision/wrist1.stl
[2.584s] -- Symlinking: /home/keehong/workspaces/ros-ur-gz-ruis/install/ur_description/share/ur_description/meshes/ur3/collision/wrist2.stl
[2.592s] -- Symlinking: /home/keehong/workspaces/ros-ur-gz-ruis/install/ur_description/share/ur_description/meshes/ur3/collision/wrist3.stl
[2.601s] -- Symlinking: /home/keehong/workspaces/ros-ur-gz-ruis/install/ur_description/share/ur_description/meshes/ur3/visual/base.dae
[2.609s] -- Symlinking: /home/keehong/workspaces/ros-ur-gz-ruis/install/ur_description/share/ur_description/meshes/ur3/visual/forearm.dae
[2.618s] -- Symlinking: /home/keehong/workspaces/ros-ur-gz-ruis/install/ur_description/share/ur_description/meshes/ur3/visual/shoulder.dae
[2.626s] -- Symlinking: /home/keehong/workspaces/ros-ur-gz-ruis/install/ur_description/share/ur_description/meshes/ur3/visual/upperarm.dae
[2.635s] -- Symlinking: /home/keehong/workspaces/ros-ur-gz-ruis/install/ur_description/share/ur_description/meshes/ur3/visual/wrist1.dae
[2.644s] -- Symlinking: /home/keehong/workspaces/ros-ur-gz-ruis/install/ur_description/share/ur_description/meshes/ur3/visual/wrist2.dae
[2.653s] -- Symlinking: /home/keehong/workspaces/ros-ur-gz-ruis/install/ur_description/share/ur_description/meshes/ur3/visual/wrist3.dae
[2.662s] -- Symlinking: /home/keehong/workspaces/ros-ur-gz-ruis/install/ur_description/share/ur_description/meshes/ur30/LICENSE.txt
[2.670s] -- Symlinking: /home/keehong/workspaces/ros-ur-gz-ruis/install/ur_description/share/ur_description/meshes/ur30/collision/forearm.stl
[2.679s] -- Symlinking: /home/keehong/workspaces/ros-ur-gz-ruis/install/ur_description/share/ur_description/meshes/ur30/collision/upperarm.stl
[2.687s] -- Symlinking: /home/keehong/workspaces/ros-ur-gz-ruis/install/ur_description/share/ur_description/meshes/ur30/visual/UR30_DIFF_8bit_2K.png
[2.696s] -- Symlinking: /home/keehong/workspaces/ros-ur-gz-ruis/install/ur_description/share/ur_description/meshes/ur30/visual/forearm.dae
[2.704s] -- Symlinking: /home/keehong/workspaces/ros-ur-gz-ruis/install/ur_description/share/ur_description/meshes/ur30/visual/upperarm.dae
[2.713s] -- Symlinking: /home/keehong/workspaces/ros-ur-gz-ruis/install/ur_description/share/ur_description/meshes/ur3e/collision/base.stl
[2.722s] -- Symlinking: /home/keehong/workspaces/ros-ur-gz-ruis/install/ur_description/share/ur_description/meshes/ur3e/collision/forearm.stl
[2.730s] -- Symlinking: /home/keehong/workspaces/ros-ur-gz-ruis/install/ur_description/share/ur_description/meshes/ur3e/collision/shoulder.stl
[2.739s] -- Symlinking: /home/keehong/workspaces/ros-ur-gz-ruis/install/ur_description/share/ur_description/meshes/ur3e/collision/upperarm.stl
[2.748s] -- Symlinking: /home/keehong/workspaces/ros-ur-gz-ruis/install/ur_description/share/ur_description/meshes/ur3e/collision/wrist1.stl
[2.757s] -- Symlinking: /home/keehong/workspaces/ros-ur-gz-ruis/install/ur_description/share/ur_description/meshes/ur3e/collision/wrist2.stl
[2.765s] -- Symlinking: /home/keehong/workspaces/ros-ur-gz-ruis/install/ur_description/share/ur_description/meshes/ur3e/collision/wrist3.stl
[2.774s] -- Symlinking: /home/keehong/workspaces/ros-ur-gz-ruis/install/ur_description/share/ur_description/meshes/ur3e/visual/base.dae
[2.782s] -- Symlinking: /home/keehong/workspaces/ros-ur-gz-ruis/install/ur_description/share/ur_description/meshes/ur3e/visual/forearm.dae
[2.791s] -- Symlinking: /home/keehong/workspaces/ros-ur-gz-ruis/install/ur_description/share/ur_description/meshes/ur3e/visual/shoulder.dae
[2.800s] -- Symlinking: /home/keehong/workspaces/ros-ur-gz-ruis/install/ur_description/share/ur_description/meshes/ur3e/visual/upperarm.dae
[2.808s] -- Symlinking: /home/keehong/workspaces/ros-ur-gz-ruis/install/ur_description/share/ur_description/meshes/ur3e/visual/wrist1.dae
[2.817s] -- Symlinking: /home/keehong/workspaces/ros-ur-gz-ruis/install/ur_description/share/ur_description/meshes/ur3e/visual/wrist2.dae
[2.826s] -- Symlinking: /home/keehong/workspaces/ros-ur-gz-ruis/install/ur_description/share/ur_description/meshes/ur3e/visual/wrist3.dae
[2.834s] -- Symlinking: /home/keehong/workspaces/ros-ur-gz-ruis/install/ur_description/share/ur_description/meshes/ur5/collision/base.stl
[2.843s] -- Symlinking: /home/keehong/workspaces/ros-ur-gz-ruis/install/ur_description/share/ur_description/meshes/ur5/collision/forearm.stl
[2.852s] -- Symlinking: /home/keehong/workspaces/ros-ur-gz-ruis/install/ur_description/share/ur_description/meshes/ur5/collision/shoulder.stl
[2.860s] -- Symlinking: /home/keehong/workspaces/ros-ur-gz-ruis/install/ur_description/share/ur_description/meshes/ur5/collision/upperarm.stl
[2.869s] -- Symlinking: /home/keehong/workspaces/ros-ur-gz-ruis/install/ur_description/share/ur_description/meshes/ur5/collision/wrist1.stl
[2.877s] -- Symlinking: /home/keehong/workspaces/ros-ur-gz-ruis/install/ur_description/share/ur_description/meshes/ur5/collision/wrist2.stl
[2.886s] -- Symlinking: /home/keehong/workspaces/ros-ur-gz-ruis/install/ur_description/share/ur_description/meshes/ur5/collision/wrist3.stl
[2.894s] -- Symlinking: /home/keehong/workspaces/ros-ur-gz-ruis/install/ur_description/share/ur_description/meshes/ur5/visual/base.dae
[2.903s] -- Symlinking: /home/keehong/workspaces/ros-ur-gz-ruis/install/ur_description/share/ur_description/meshes/ur5/visual/forearm.dae
[2.912s] -- Symlinking: /home/keehong/workspaces/ros-ur-gz-ruis/install/ur_description/share/ur_description/meshes/ur5/visual/shoulder.dae
[2.920s] -- Symlinking: /home/keehong/workspaces/ros-ur-gz-ruis/install/ur_description/share/ur_description/meshes/ur5/visual/upperarm.dae
[2.929s] -- Symlinking: /home/keehong/workspaces/ros-ur-gz-ruis/install/ur_description/share/ur_description/meshes/ur5/visual/wrist1.dae
[2.937s] -- Symlinking: /home/keehong/workspaces/ros-ur-gz-ruis/install/ur_description/share/ur_description/meshes/ur5/visual/wrist2.dae
[2.946s] -- Symlinking: /home/keehong/workspaces/ros-ur-gz-ruis/install/ur_description/share/ur_description/meshes/ur5/visual/wrist3.dae
[2.955s] -- Symlinking: /home/keehong/workspaces/ros-ur-gz-ruis/install/ur_description/share/ur_description/meshes/ur5e/collision/base.stl
[2.963s] -- Symlinking: /home/keehong/workspaces/ros-ur-gz-ruis/install/ur_description/share/ur_description/meshes/ur5e/collision/forearm.stl
[2.972s] -- Symlinking: /home/keehong/workspaces/ros-ur-gz-ruis/install/ur_description/share/ur_description/meshes/ur5e/collision/shoulder.stl
[2.980s] -- Symlinking: /home/keehong/workspaces/ros-ur-gz-ruis/install/ur_description/share/ur_description/meshes/ur5e/collision/upperarm.stl
[2.989s] -- Symlinking: /home/keehong/workspaces/ros-ur-gz-ruis/install/ur_description/share/ur_description/meshes/ur5e/collision/wrist1.stl
[2.998s] -- Symlinking: /home/keehong/workspaces/ros-ur-gz-ruis/install/ur_description/share/ur_description/meshes/ur5e/collision/wrist2.stl
[3.006s] -- Symlinking: /home/keehong/workspaces/ros-ur-gz-ruis/install/ur_description/share/ur_description/meshes/ur5e/collision/wrist3.stl
[3.015s] -- Symlinking: /home/keehong/workspaces/ros-ur-gz-ruis/install/ur_description/share/ur_description/meshes/ur5e/visual/base.dae
[3.024s] -- Symlinking: /home/keehong/workspaces/ros-ur-gz-ruis/install/ur_description/share/ur_description/meshes/ur5e/visual/forearm.dae
[3.033s] -- Symlinking: /home/keehong/workspaces/ros-ur-gz-ruis/install/ur_description/share/ur_description/meshes/ur5e/visual/shoulder.dae
[3.041s] -- Symlinking: /home/keehong/workspaces/ros-ur-gz-ruis/install/ur_description/share/ur_description/meshes/ur5e/visual/upperarm.dae
[3.050s] -- Symlinking: /home/keehong/workspaces/ros-ur-gz-ruis/install/ur_description/share/ur_description/meshes/ur5e/visual/wrist1.dae
[3.059s] -- Symlinking: /home/keehong/workspaces/ros-ur-gz-ruis/install/ur_description/share/ur_description/meshes/ur5e/visual/wrist2.dae
[3.067s] -- Symlinking: /home/keehong/workspaces/ros-ur-gz-ruis/install/ur_description/share/ur_description/meshes/ur5e/visual/wrist3.dae
[3.076s] -- Symlinking: /home/keehong/workspaces/ros-ur-gz-ruis/install/ur_description/share/ur_description/rviz/view_robot.rviz
[3.085s] -- Symlinking: /home/keehong/workspaces/ros-ur-gz-ruis/install/ur_description/share/ur_description/urdf/inc/ur_common.xacro
[3.094s] -- Symlinking: /home/keehong/workspaces/ros-ur-gz-ruis/install/ur_description/share/ur_description/urdf/inc/ur_transmissions.xacro
[3.103s] -- Symlinking: /home/keehong/workspaces/ros-ur-gz-ruis/install/ur_description/share/ur_description/urdf/ur.ros2_control.xacro
[3.111s] -- Symlinking: /home/keehong/workspaces/ros-ur-gz-ruis/install/ur_description/share/ur_description/urdf/ur.urdf.xacro
[3.120s] -- Symlinking: /home/keehong/workspaces/ros-ur-gz-ruis/install/ur_description/share/ur_description/urdf/ur_macro.xacro
[3.129s] -- Symlinking: /home/keehong/workspaces/ros-ur-gz-ruis/install/ur_description/share/ur_description/test/test_ur_urdf_xacro.py
[3.137s] -- Symlinking: /home/keehong/workspaces/ros-ur-gz-ruis/install/ur_description/share/ur_description/test/test_view_ur_launch.py
[3.146s] -- Symlinking: /home/keehong/workspaces/ros-ur-gz-ruis/install/ur_description/share/ament_index/resource_index/package_run_dependencies/ur_description
[3.155s] -- Symlinking: /home/keehong/workspaces/ros-ur-gz-ruis/install/ur_description/share/ament_index/resource_index/parent_prefix_path/ur_description
[3.164s] -- Symlinking: /home/keehong/workspaces/ros-ur-gz-ruis/install/ur_description/share/ur_description/environment/ament_prefix_path.sh
[3.173s] -- Symlinking: /home/keehong/workspaces/ros-ur-gz-ruis/install/ur_description/share/ur_description/environment/ament_prefix_path.dsv
[3.181s] -- Symlinking: /home/keehong/workspaces/ros-ur-gz-ruis/install/ur_description/share/ur_description/environment/path.sh
[3.190s] -- Symlinking: /home/keehong/workspaces/ros-ur-gz-ruis/install/ur_description/share/ur_description/environment/path.dsv
[3.199s] -- Symlinking: /home/keehong/workspaces/ros-ur-gz-ruis/install/ur_description/share/ur_description/local_setup.bash
[3.207s] -- Symlinking: /home/keehong/workspaces/ros-ur-gz-ruis/install/ur_description/share/ur_description/local_setup.sh
[3.216s] -- Symlinking: /home/keehong/workspaces/ros-ur-gz-ruis/install/ur_description/share/ur_description/local_setup.zsh
[3.225s] -- Symlinking: /home/keehong/workspaces/ros-ur-gz-ruis/install/ur_description/share/ur_description/local_setup.dsv
[3.234s] -- Symlinking: /home/keehong/workspaces/ros-ur-gz-ruis/install/ur_description/share/ur_description/package.dsv
[3.242s] -- Symlinking: /home/keehong/workspaces/ros-ur-gz-ruis/install/ur_description/share/ament_index/resource_index/packages/ur_description
[3.252s] -- Symlinking: /home/keehong/workspaces/ros-ur-gz-ruis/install/ur_description/share/ur_description/cmake/ur_descriptionConfig.cmake
[3.260s] -- Symlinking: /home/keehong/workspaces/ros-ur-gz-ruis/install/ur_description/share/ur_description/cmake/ur_descriptionConfig-version.cmake
[3.269s] -- Symlinking: /home/keehong/workspaces/ros-ur-gz-ruis/install/ur_description/share/ur_description/package.xml
[3.280s] Invoked command in '/home/keehong/workspaces/ros-ur-gz-ruis/build/ur_description' returned '0': CMAKE_PREFIX_PATH=/opt/ros/humble /usr/bin/cmake --install /home/keehong/workspaces/ros-ur-gz-ruis/build/ur_description
